[07-Feb-2021 12:04:52 America/Bogota] abriendo la vista de acceso -> entrando en el controlador login
[07-Feb-2021 12:05:33 America/Bogota] ejecucion->"SELECT u.*, r.nombre as 'rol_usuario' FROM usuario u\r\n             INNER JOIN rol r ON r.id_rol = u.rol_id\r\n             WHERE u.username = ? "
[07-Feb-2021 12:05:59 America/Bogota] PHP Notice:  Undefined index: blog in C:\xampp\htdocs\proyectos-juan\login-php\controllers\GestorController.php on line 89
[07-Feb-2021 12:05:59 America/Bogota] PHP Notice:  Trying to access array offset on value of type null in C:\xampp\htdocs\proyectos-juan\login-php\controllers\GestorController.php on line 89
[07-Feb-2021 12:05:59 America/Bogota] PHP Notice:  Undefined index: blog in C:\xampp\htdocs\proyectos-juan\login-php\controllers\GestorController.php on line 90
[07-Feb-2021 12:05:59 America/Bogota] PHP Notice:  Trying to access array offset on value of type null in C:\xampp\htdocs\proyectos-juan\login-php\controllers\GestorController.php on line 90
[07-Feb-2021 12:05:59 America/Bogota] PHP Notice:  Undefined index: blog in C:\xampp\htdocs\proyectos-juan\login-php\controllers\GestorController.php on line 91
[07-Feb-2021 12:06:00 America/Bogota] PHP Notice:  Trying to access array offset on value of type null in C:\xampp\htdocs\proyectos-juan\login-php\controllers\GestorController.php on line 91
[07-Feb-2021 12:06:00 America/Bogota] PHP Notice:  Undefined index: blog in C:\xampp\htdocs\proyectos-juan\login-php\controllers\GestorController.php on line 92
[07-Feb-2021 12:06:00 America/Bogota] PHP Notice:  Trying to access array offset on value of type null in C:\xampp\htdocs\proyectos-juan\login-php\controllers\GestorController.php on line 92
[07-Feb-2021 12:06:00 America/Bogota] PHP Notice:  Undefined index: blog in C:\xampp\htdocs\proyectos-juan\login-php\controllers\GestorController.php on line 93
[07-Feb-2021 12:06:00 America/Bogota] PHP Notice:  Trying to access array offset on value of type null in C:\xampp\htdocs\proyectos-juan\login-php\controllers\GestorController.php on line 93
[07-Feb-2021 12:06:12 America/Bogota] PHP Notice:  Undefined index: blog in C:\xampp\htdocs\proyectos-juan\login-php\controllers\GestorController.php on line 89
[07-Feb-2021 12:06:12 America/Bogota] PHP Notice:  Trying to access array offset on value of type null in C:\xampp\htdocs\proyectos-juan\login-php\controllers\GestorController.php on line 89
[07-Feb-2021 12:06:12 America/Bogota] PHP Notice:  Undefined index: blog in C:\xampp\htdocs\proyectos-juan\login-php\controllers\GestorController.php on line 90
[07-Feb-2021 12:06:12 America/Bogota] PHP Notice:  Trying to access array offset on value of type null in C:\xampp\htdocs\proyectos-juan\login-php\controllers\GestorController.php on line 90
[07-Feb-2021 12:06:12 America/Bogota] PHP Notice:  Undefined index: blog in C:\xampp\htdocs\proyectos-juan\login-php\controllers\GestorController.php on line 91
[07-Feb-2021 12:06:12 America/Bogota] PHP Notice:  Trying to access array offset on value of type null in C:\xampp\htdocs\proyectos-juan\login-php\controllers\GestorController.php on line 91
[07-Feb-2021 12:06:12 America/Bogota] PHP Notice:  Undefined index: blog in C:\xampp\htdocs\proyectos-juan\login-php\controllers\GestorController.php on line 92
[07-Feb-2021 12:06:12 America/Bogota] PHP Notice:  Trying to access array offset on value of type null in C:\xampp\htdocs\proyectos-juan\login-php\controllers\GestorController.php on line 92
[07-Feb-2021 12:06:12 America/Bogota] PHP Notice:  Undefined index: blog in C:\xampp\htdocs\proyectos-juan\login-php\controllers\GestorController.php on line 93
[07-Feb-2021 12:06:12 America/Bogota] PHP Notice:  Trying to access array offset on value of type null in C:\xampp\htdocs\proyectos-juan\login-php\controllers\GestorController.php on line 93
[07-Feb-2021 12:11:27 America/Bogota] PHP Notice:  Undefined index: blog in C:\xampp\htdocs\proyectos-juan\login-php\helpers\helpers.php on line 15
[07-Feb-2021 12:11:27 America/Bogota] PHP Notice:  Trying to access array offset on value of type null in C:\xampp\htdocs\proyectos-juan\login-php\helpers\helpers.php on line 15
[07-Feb-2021 12:11:27 America/Bogota] PHP Notice:  Undefined index: blog in C:\xampp\htdocs\proyectos-juan\login-php\helpers\helpers.php on line 16
[07-Feb-2021 12:11:27 America/Bogota] PHP Notice:  Trying to access array offset on value of type null in C:\xampp\htdocs\proyectos-juan\login-php\helpers\helpers.php on line 16
[07-Feb-2021 12:11:27 America/Bogota] PHP Notice:  Undefined index: blog in C:\xampp\htdocs\proyectos-juan\login-php\helpers\helpers.php on line 17
[07-Feb-2021 12:11:27 America/Bogota] PHP Notice:  Trying to access array offset on value of type null in C:\xampp\htdocs\proyectos-juan\login-php\helpers\helpers.php on line 17
[07-Feb-2021 12:11:27 America/Bogota] PHP Notice:  Undefined index: blog in C:\xampp\htdocs\proyectos-juan\login-php\helpers\helpers.php on line 18
[07-Feb-2021 12:11:27 America/Bogota] PHP Notice:  Trying to access array offset on value of type null in C:\xampp\htdocs\proyectos-juan\login-php\helpers\helpers.php on line 18
[07-Feb-2021 12:11:27 America/Bogota] PHP Notice:  Undefined index: blog in C:\xampp\htdocs\proyectos-juan\login-php\helpers\helpers.php on line 19
[07-Feb-2021 12:11:27 America/Bogota] PHP Notice:  Trying to access array offset on value of type null in C:\xampp\htdocs\proyectos-juan\login-php\helpers\helpers.php on line 19
[07-Feb-2021 12:11:27 America/Bogota] PHP Fatal error:  Uncaught Error: Using $this when not in object context in C:\xampp\htdocs\proyectos-juan\login-php\helpers\helpers.php:21
Stack trace:
#0 C:\xampp\htdocs\proyectos-juan\login-php\index.php(21): require_once()
#1 {main}
  thrown in C:\xampp\htdocs\proyectos-juan\login-php\helpers\helpers.php on line 21
[07-Feb-2021 12:31:25 America/Bogota] abriendo la vista de acceso -> entrando en el controlador login
[07-Feb-2021 12:31:40 America/Bogota] ejecucion->"SELECT u.*, r.nombre as 'rol_usuario' FROM usuario u\r\n             INNER JOIN rol r ON r.id_rol = u.rol_id\r\n             WHERE u.username = ? "
[07-Feb-2021 12:34:05 America/Bogota] abriendo la vista de acceso -> entrando en el controlador login
[07-Feb-2021 12:34:13 America/Bogota] ejecucion->"SELECT u.*, r.nombre as 'rol_usuario' FROM usuario u\r\n             INNER JOIN rol r ON r.id_rol = u.rol_id\r\n             WHERE u.username = ? "
[07-Feb-2021 12:46:21 America/Bogota] PHP Notice:  Undefined index: blog in C:\xampp\htdocs\proyectos-juan\login-php\controllers\GestorController.php on line 89
[07-Feb-2021 12:46:21 America/Bogota] PHP Notice:  Trying to access array offset on value of type null in C:\xampp\htdocs\proyectos-juan\login-php\controllers\GestorController.php on line 89
[07-Feb-2021 12:46:21 America/Bogota] PHP Notice:  Undefined index: blog in C:\xampp\htdocs\proyectos-juan\login-php\controllers\GestorController.php on line 90
[07-Feb-2021 12:46:21 America/Bogota] PHP Notice:  Trying to access array offset on value of type null in C:\xampp\htdocs\proyectos-juan\login-php\controllers\GestorController.php on line 90
[07-Feb-2021 12:46:21 America/Bogota] PHP Notice:  Undefined index: blog in C:\xampp\htdocs\proyectos-juan\login-php\controllers\GestorController.php on line 91
[07-Feb-2021 12:46:21 America/Bogota] PHP Notice:  Trying to access array offset on value of type null in C:\xampp\htdocs\proyectos-juan\login-php\controllers\GestorController.php on line 91
[07-Feb-2021 12:46:21 America/Bogota] PHP Notice:  Undefined index: blog in C:\xampp\htdocs\proyectos-juan\login-php\controllers\GestorController.php on line 92
[07-Feb-2021 12:46:21 America/Bogota] PHP Notice:  Trying to access array offset on value of type null in C:\xampp\htdocs\proyectos-juan\login-php\controllers\GestorController.php on line 92
[07-Feb-2021 12:46:21 America/Bogota] PHP Notice:  Undefined index: blog in C:\xampp\htdocs\proyectos-juan\login-php\controllers\GestorController.php on line 93
[07-Feb-2021 12:46:21 America/Bogota] PHP Notice:  Trying to access array offset on value of type null in C:\xampp\htdocs\proyectos-juan\login-php\controllers\GestorController.php on line 93
[07-Feb-2021 12:46:21 America/Bogota] PHP Notice:  Undefined variable: nombre_imagen in C:\xampp\htdocs\proyectos-juan\login-php\controllers\GestorController.php on line 137
[07-Feb-2021 12:57:47 America/Bogota] abriendo la vista de acceso -> entrando en el controlador login
[07-Feb-2021 12:57:54 America/Bogota] ejecucion->"SELECT u.*, r.nombre as 'rol_usuario' FROM usuario u\r\n             INNER JOIN rol r ON r.id_rol = u.rol_id\r\n             WHERE u.username = ? "
[07-Feb-2021 13:07:12 America/Bogota] abriendo la vista de acceso -> entrando en el controlador login
[07-Feb-2021 13:07:18 America/Bogota] ejecucion->"SELECT u.*, r.nombre as 'rol_usuario' FROM usuario u\r\n             INNER JOIN rol r ON r.id_rol = u.rol_id\r\n             WHERE u.username = ? "
[07-Feb-2021 13:14:14 America/Bogota] abriendo la vista de acceso -> entrando en el controlador login
[07-Feb-2021 13:14:31 America/Bogota] ejecucion->"SELECT u.*, r.nombre as 'rol_usuario' FROM usuario u\r\n             INNER JOIN rol r ON r.id_rol = u.rol_id\r\n             WHERE u.username = ? "
[07-Feb-2021 13:14:50 America/Bogota] PHP Warning:  move_uploaded_file(/assets/uploads/60202e1a6703f4.79811678.jpeg): failed to open stream: No such file or directory in C:\xampp\htdocs\proyectos-juan\login-php\controllers\GestorController.php on line 111
[07-Feb-2021 13:14:50 America/Bogota] PHP Warning:  move_uploaded_file(): Unable to move 'C:\xampp\tmp\php14B6.tmp' to '/assets/uploads/60202e1a6703f4.79811678.jpeg' in C:\xampp\htdocs\proyectos-juan\login-php\controllers\GestorController.php on line 111
[07-Feb-2021 13:17:14 America/Bogota] abriendo la vista de acceso -> entrando en el controlador login
[07-Feb-2021 13:17:20 America/Bogota] ejecucion->"SELECT u.*, r.nombre as 'rol_usuario' FROM usuario u\r\n             INNER JOIN rol r ON r.id_rol = u.rol_id\r\n             WHERE u.username = ? "
[07-Feb-2021 13:27:08 America/Bogota] abriendo la vista de acceso -> entrando en el controlador login
[07-Feb-2021 13:27:22 America/Bogota] ejecucion->"SELECT u.*, r.nombre as 'rol_usuario' FROM usuario u\r\n             INNER JOIN rol r ON r.id_rol = u.rol_id\r\n             WHERE u.username = ? "
[07-Feb-2021 13:28:06 America/Bogota] abriendo la vista de acceso -> entrando en el controlador login
[07-Feb-2021 13:28:13 America/Bogota] ejecucion->"SELECT u.*, r.nombre as 'rol_usuario' FROM usuario u\r\n             INNER JOIN rol r ON r.id_rol = u.rol_id\r\n             WHERE u.username = ? "
[07-Feb-2021 13:29:09 America/Bogota] abriendo la vista de acceso -> entrando en el controlador login
[07-Feb-2021 13:29:16 America/Bogota] ejecucion->"SELECT u.*, r.nombre as 'rol_usuario' FROM usuario u\r\n             INNER JOIN rol r ON r.id_rol = u.rol_id\r\n             WHERE u.username = ? "
[07-Feb-2021 13:29:56 America/Bogota] abriendo la vista de acceso -> entrando en el controlador login
[07-Feb-2021 13:30:01 America/Bogota] abriendo la vista de acceso -> entrando en el controlador login
[07-Feb-2021 13:30:15 America/Bogota] ejecucion->"SELECT u.*, r.nombre as 'rol_usuario' FROM usuario u\r\n             INNER JOIN rol r ON r.id_rol = u.rol_id\r\n             WHERE u.username = ? "
[07-Feb-2021 13:30:20 America/Bogota] ejecucion->"SELECT u.*, r.nombre as 'rol_usuario' FROM usuario u\r\n             INNER JOIN rol r ON r.id_rol = u.rol_id\r\n             WHERE u.username = ? "
[07-Feb-2021 13:30:26 America/Bogota] ejecucion->"SELECT u.*, r.nombre as 'rol_usuario' FROM usuario u\r\n             INNER JOIN rol r ON r.id_rol = u.rol_id\r\n             WHERE u.username = ? "
[07-Feb-2021 13:30:31 America/Bogota] Abriendo la vista de recover -> entrando en el controlador recover
[07-Feb-2021 13:30:34 America/Bogota] abriendo la vista de acceso -> entrando en el controlador login
[07-Feb-2021 13:30:40 America/Bogota] Abriendo la vista de registro -> entrando en el controlador registro
[07-Feb-2021 13:31:03 America/Bogota] abriendo la vista de acceso -> entrando en el controlador login
[07-Feb-2021 13:31:11 America/Bogota] ejecucion->"SELECT u.*, r.nombre as 'rol_usuario' FROM usuario u\r\n             INNER JOIN rol r ON r.id_rol = u.rol_id\r\n             WHERE u.username = ? "
[07-Feb-2021 13:31:14 America/Bogota] ejecucion->"SELECT u.*, r.nombre as 'rol_usuario' FROM usuario u\r\n             INNER JOIN rol r ON r.id_rol = u.rol_id\r\n             WHERE u.username = ? "
[07-Feb-2021 13:33:03 America/Bogota] abriendo la vista de acceso -> entrando en el controlador login
[07-Feb-2021 13:33:13 America/Bogota] ejecucion->"SELECT u.*, r.nombre as 'rol_usuario' FROM usuario u\r\n             INNER JOIN rol r ON r.id_rol = u.rol_id\r\n             WHERE u.username = ? "
[07-Feb-2021 15:20:17 America/Bogota] PHP Notice:  Undefined index: REDIRECT_URL in C:\xampp\htdocs\proyectos-juan\login-php\helpers\helpers.php on line 5
[07-Feb-2021 15:20:17 America/Bogota] abriendo la vista de acceso -> entrando en el controlador login
[07-Feb-2021 15:20:31 America/Bogota] ejecucion->"SELECT u.*, r.nombre as 'rol_usuario' FROM usuario u\r\n             INNER JOIN rol r ON r.id_rol = u.rol_id\r\n             WHERE u.username = ? "
[07-Feb-2021 16:40:03 America/Bogota] abriendo la vista de acceso -> entrando en el controlador login
[07-Feb-2021 16:40:35 America/Bogota] ejecucion->"SELECT u.*, r.nombre as 'rol_usuario' FROM usuario u\r\n             INNER JOIN rol r ON r.id_rol = u.rol_id\r\n             WHERE u.username = ? "
[07-Feb-2021 16:40:44 America/Bogota] ejecucion->"SELECT u.*, r.nombre as 'rol_usuario' FROM usuario u\r\n             INNER JOIN rol r ON r.id_rol = u.rol_id\r\n             WHERE u.username = ? "
[07-Feb-2021 16:40:56 America/Bogota] ejecucion->"SELECT u.*, r.nombre as 'rol_usuario' FROM usuario u\r\n             INNER JOIN rol r ON r.id_rol = u.rol_id\r\n             WHERE u.username = ? "
[07-Feb-2021 16:41:26 America/Bogota] abriendo la vista de acceso -> entrando en el controlador login
[07-Feb-2021 16:41:35 America/Bogota] ejecucion->"SELECT u.*, r.nombre as 'rol_usuario' FROM usuario u\r\n             INNER JOIN rol r ON r.id_rol = u.rol_id\r\n             WHERE u.username = ? "
[07-Feb-2021 17:11:51 America/Bogota] abriendo la vista de acceso -> entrando en el controlador login
[07-Feb-2021 17:12:04 America/Bogota] ejecucion->"SELECT u.*, r.nombre as 'rol_usuario' FROM usuario u\r\n             INNER JOIN rol r ON r.id_rol = u.rol_id\r\n             WHERE u.username = ? "
[07-Feb-2021 19:08:28 America/Bogota] PHP Fatal error:  Uncaught Error: Call to a member function getConnection() on null in C:\xampp\htdocs\proyectos-juan\login-php\model\Model.php:33
Stack trace:
#0 C:\xampp\htdocs\proyectos-juan\login-php\model\UserGestor.php(111): Model->validate('email', 'j@gmail.com')
#1 C:\xampp\htdocs\proyectos-juan\login-php\controllers\GestorController.php(74): UserGestor->updateUser(Array)
#2 C:\xampp\htdocs\proyectos-juan\login-php\controllers\Controller.php(26): GestorController->updateUser()
#3 C:\xampp\htdocs\proyectos-juan\login-php\controllers\Controller.php(7): Controller->App()
#4 C:\xampp\htdocs\proyectos-juan\login-php\index.php(33): Controller->__construct()
#5 {main}
  thrown in C:\xampp\htdocs\proyectos-juan\login-php\model\Model.php on line 33
[07-Feb-2021 19:13:19 America/Bogota] PHP Fatal error:  Uncaught Error: Call to a member function getConnection() on null in C:\xampp\htdocs\proyectos-juan\login-php\model\Model.php:33
Stack trace:
#0 C:\xampp\htdocs\proyectos-juan\login-php\model\UserGestor.php(111): Model->validate('email', 'j@gmail.com')
#1 C:\xampp\htdocs\proyectos-juan\login-php\controllers\GestorController.php(74): UserGestor->updateUser(Array)
#2 C:\xampp\htdocs\proyectos-juan\login-php\controllers\Controller.php(26): GestorController->updateUser()
#3 C:\xampp\htdocs\proyectos-juan\login-php\controllers\Controller.php(7): Controller->App()
#4 C:\xampp\htdocs\proyectos-juan\login-php\index.php(33): Controller->__construct()
#5 {main}
  thrown in C:\xampp\htdocs\proyectos-juan\login-php\model\Model.php on line 33
[07-Feb-2021 19:14:06 America/Bogota] PHP Fatal error:  Uncaught Error: Call to a member function getConnection() on null in C:\xampp\htdocs\proyectos-juan\login-php\model\Model.php:33
Stack trace:
#0 C:\xampp\htdocs\proyectos-juan\login-php\model\UserGestor.php(111): Model->validate('email', 'j@gmail.com')
#1 C:\xampp\htdocs\proyectos-juan\login-php\controllers\GestorController.php(74): UserGestor->updateUser(Array)
#2 C:\xampp\htdocs\proyectos-juan\login-php\controllers\Controller.php(26): GestorController->updateUser()
#3 C:\xampp\htdocs\proyectos-juan\login-php\controllers\Controller.php(7): Controller->App()
#4 C:\xampp\htdocs\proyectos-juan\login-php\index.php(33): Controller->__construct()
#5 {main}
  thrown in C:\xampp\htdocs\proyectos-juan\login-php\model\Model.php on line 33
[07-Feb-2021 19:14:07 America/Bogota] PHP Fatal error:  Uncaught Error: Call to a member function getConnection() on null in C:\xampp\htdocs\proyectos-juan\login-php\model\Model.php:33
Stack trace:
#0 C:\xampp\htdocs\proyectos-juan\login-php\model\UserGestor.php(111): Model->validate('email', 'j@gmail.com')
#1 C:\xampp\htdocs\proyectos-juan\login-php\controllers\GestorController.php(74): UserGestor->updateUser(Array)
#2 C:\xampp\htdocs\proyectos-juan\login-php\controllers\Controller.php(26): GestorController->updateUser()
#3 C:\xampp\htdocs\proyectos-juan\login-php\controllers\Controller.php(7): Controller->App()
#4 C:\xampp\htdocs\proyectos-juan\login-php\index.php(33): Controller->__construct()
#5 {main}
  thrown in C:\xampp\htdocs\proyectos-juan\login-php\model\Model.php on line 33
[07-Feb-2021 19:14:08 America/Bogota] PHP Fatal error:  Uncaught Error: Call to a member function getConnection() on null in C:\xampp\htdocs\proyectos-juan\login-php\model\Model.php:33
Stack trace:
#0 C:\xampp\htdocs\proyectos-juan\login-php\model\UserGestor.php(111): Model->validate('email', 'j@gmail.com')
#1 C:\xampp\htdocs\proyectos-juan\login-php\controllers\GestorController.php(74): UserGestor->updateUser(Array)
#2 C:\xampp\htdocs\proyectos-juan\login-php\controllers\Controller.php(26): GestorController->updateUser()
#3 C:\xampp\htdocs\proyectos-juan\login-php\controllers\Controller.php(7): Controller->App()
#4 C:\xampp\htdocs\proyectos-juan\login-php\index.php(33): Controller->__construct()
#5 {main}
  thrown in C:\xampp\htdocs\proyectos-juan\login-php\model\Model.php on line 33
[07-Feb-2021 19:14:08 America/Bogota] PHP Fatal error:  Uncaught Error: Call to a member function getConnection() on null in C:\xampp\htdocs\proyectos-juan\login-php\model\Model.php:33
Stack trace:
#0 C:\xampp\htdocs\proyectos-juan\login-php\model\UserGestor.php(111): Model->validate('email', 'j@gmail.com')
#1 C:\xampp\htdocs\proyectos-juan\login-php\controllers\GestorController.php(74): UserGestor->updateUser(Array)
#2 C:\xampp\htdocs\proyectos-juan\login-php\controllers\Controller.php(26): GestorController->updateUser()
#3 C:\xampp\htdocs\proyectos-juan\login-php\controllers\Controller.php(7): Controller->App()
#4 C:\xampp\htdocs\proyectos-juan\login-php\index.php(33): Controller->__construct()
#5 {main}
  thrown in C:\xampp\htdocs\proyectos-juan\login-php\model\Model.php on line 33
[07-Feb-2021 19:15:01 America/Bogota] PHP Fatal error:  Uncaught Error: Call to a member function getConnection() on null in C:\xampp\htdocs\proyectos-juan\login-php\model\Model.php:33
Stack trace:
#0 C:\xampp\htdocs\proyectos-juan\login-php\model\UserGestor.php(111): Model->validate('email', 'jff@gmail.com')
#1 C:\xampp\htdocs\proyectos-juan\login-php\controllers\GestorController.php(74): UserGestor->updateUser(Array)
#2 C:\xampp\htdocs\proyectos-juan\login-php\controllers\Controller.php(26): GestorController->updateUser()
#3 C:\xampp\htdocs\proyectos-juan\login-php\controllers\Controller.php(7): Controller->App()
#4 C:\xampp\htdocs\proyectos-juan\login-php\index.php(33): Controller->__construct()
#5 {main}
  thrown in C:\xampp\htdocs\proyectos-juan\login-php\model\Model.php on line 33
[07-Feb-2021 19:15:43 America/Bogota] PHP Fatal error:  Uncaught Error: Call to a member function getConnection() on null in C:\xampp\htdocs\proyectos-juan\login-php\model\Model.php:33
Stack trace:
#0 C:\xampp\htdocs\proyectos-juan\login-php\model\UserGestor.php(111): Model->validate('email', 'jhonesss.jr20@g...')
#1 C:\xampp\htdocs\proyectos-juan\login-php\controllers\GestorController.php(74): UserGestor->updateUser(Array)
#2 C:\xampp\htdocs\proyectos-juan\login-php\controllers\Controller.php(26): GestorController->updateUser()
#3 C:\xampp\htdocs\proyectos-juan\login-php\controllers\Controller.php(7): Controller->App()
#4 C:\xampp\htdocs\proyectos-juan\login-php\index.php(33): Controller->__construct()
#5 {main}
  thrown in C:\xampp\htdocs\proyectos-juan\login-php\model\Model.php on line 33
[07-Feb-2021 19:16:21 America/Bogota] PHP Fatal error:  Uncaught Error: Call to a member function getConnection() on null in C:\xampp\htdocs\proyectos-juan\login-php\model\Model.php:35
Stack trace:
#0 C:\xampp\htdocs\proyectos-juan\login-php\model\UserGestor.php(111): Model->validate('email', 'jhonesss.jr20@g...')
#1 C:\xampp\htdocs\proyectos-juan\login-php\controllers\GestorController.php(74): UserGestor->updateUser(Array)
#2 C:\xampp\htdocs\proyectos-juan\login-php\controllers\Controller.php(26): GestorController->updateUser()
#3 C:\xampp\htdocs\proyectos-juan\login-php\controllers\Controller.php(7): Controller->App()
#4 C:\xampp\htdocs\proyectos-juan\login-php\index.php(33): Controller->__construct()
#5 {main}
  thrown in C:\xampp\htdocs\proyectos-juan\login-php\model\Model.php on line 35
[07-Feb-2021 19:17:22 America/Bogota] PHP Fatal error:  Uncaught Error: Call to a member function getConnection() on null in C:\xampp\htdocs\proyectos-juan\login-php\model\Model.php:35
Stack trace:
#0 C:\xampp\htdocs\proyectos-juan\login-php\model\UserGestor.php(111): Model->validate('email', 'jhonesss.jr20@g...')
#1 C:\xampp\htdocs\proyectos-juan\login-php\controllers\GestorController.php(74): UserGestor->updateUser(Array)
#2 C:\xampp\htdocs\proyectos-juan\login-php\controllers\Controller.php(26): GestorController->updateUser()
#3 C:\xampp\htdocs\proyectos-juan\login-php\controllers\Controller.php(7): Controller->App()
#4 C:\xampp\htdocs\proyectos-juan\login-php\index.php(33): Controller->__construct()
#5 {main}
  thrown in C:\xampp\htdocs\proyectos-juan\login-php\model\Model.php on line 35
[07-Feb-2021 19:18:22 America/Bogota] PHP Fatal error:  Uncaught Error: Call to a member function getConnection() on null in C:\xampp\htdocs\proyectos-juan\login-php\model\Model.php:35
Stack trace:
#0 C:\xampp\htdocs\proyectos-juan\login-php\model\UserGestor.php(111): Model->validate('email', 'jhonesss.jr20@g...')
#1 C:\xampp\htdocs\proyectos-juan\login-php\controllers\GestorController.php(74): UserGestor->updateUser(Array)
#2 C:\xampp\htdocs\proyectos-juan\login-php\controllers\Controller.php(26): GestorController->updateUser()
#3 C:\xampp\htdocs\proyectos-juan\login-php\controllers\Controller.php(7): Controller->App()
#4 C:\xampp\htdocs\proyectos-juan\login-php\index.php(33): Controller->__construct()
#5 {main}
  thrown in C:\xampp\htdocs\proyectos-juan\login-php\model\Model.php on line 35
[07-Feb-2021 19:19:44 America/Bogota] PHP Fatal error:  Uncaught Error: Call to a member function getConnection() on null in C:\xampp\htdocs\proyectos-juan\login-php\model\Model.php:35
Stack trace:
#0 C:\xampp\htdocs\proyectos-juan\login-php\model\UserGestor.php(111): Model->validate('email', 'robertoz@gmail....')
#1 C:\xampp\htdocs\proyectos-juan\login-php\controllers\GestorController.php(74): UserGestor->updateUser(Array)
#2 C:\xampp\htdocs\proyectos-juan\login-php\controllers\Controller.php(26): GestorController->updateUser()
#3 C:\xampp\htdocs\proyectos-juan\login-php\controllers\Controller.php(7): Controller->App()
#4 C:\xampp\htdocs\proyectos-juan\login-php\index.php(33): Controller->__construct()
#5 {main}
  thrown in C:\xampp\htdocs\proyectos-juan\login-php\model\Model.php on line 35
[07-Feb-2021 19:21:23 America/Bogota] PHP Notice:  Undefined property: UserGestor::$db in C:\xampp\htdocs\proyectos-juan\login-php\model\Model.php on line 35
[07-Feb-2021 19:21:23 America/Bogota] PHP Fatal error:  Uncaught Error: Call to a member function getConnection() on null in C:\xampp\htdocs\proyectos-juan\login-php\model\Model.php:35
Stack trace:
#0 C:\xampp\htdocs\proyectos-juan\login-php\model\UserGestor.php(111): Model->validate('email', 'robertozz@gmail...')
#1 C:\xampp\htdocs\proyectos-juan\login-php\controllers\GestorController.php(74): UserGestor->updateUser(Array)
#2 C:\xampp\htdocs\proyectos-juan\login-php\controllers\Controller.php(26): GestorController->updateUser()
#3 C:\xampp\htdocs\proyectos-juan\login-php\controllers\Controller.php(7): Controller->App()
#4 C:\xampp\htdocs\proyectos-juan\login-php\index.php(33): Controller->__construct()
#5 {main}
  thrown in C:\xampp\htdocs\proyectos-juan\login-php\model\Model.php on line 35
[07-Feb-2021 20:20:48 America/Bogota] PHP Fatal error:  Access level to User::$con must be protected (as in class Model) or weaker in C:\xampp\htdocs\proyectos-juan\login-php\model\User.php on line 6
[07-Feb-2021 20:21:49 America/Bogota] PHP Fatal error:  Access level to User::$con must be protected (as in class Model) or weaker in C:\xampp\htdocs\proyectos-juan\login-php\model\User.php on line 6
[07-Feb-2021 20:22:08 America/Bogota] PHP Fatal error:  Access level to User::$con must be protected (as in class Model) or weaker in C:\xampp\htdocs\proyectos-juan\login-php\model\User.php on line 6
[07-Feb-2021 20:23:22 America/Bogota] PHP Fatal error:  Access level to User::$con must be public (as in class Model) in C:\xampp\htdocs\proyectos-juan\login-php\model\User.php on line 6
[07-Feb-2021 20:23:46 America/Bogota] abriendo la vista de acceso -> entrando en el controlador login
[07-Feb-2021 20:24:00 America/Bogota] ejecucion->"SELECT u.*, r.nombre as 'rol_usuario' FROM usuario u\r\n             INNER JOIN rol r ON r.id_rol = u.rol_id\r\n             WHERE u.username = ? "
[07-Feb-2021 20:24:30 America/Bogota] abriendo la vista de acceso -> entrando en el controlador login
